2012/08/21 07:59:29 [error] [exception.CException] exception 'CException' with message 'Property "FrequencyApplication.frequencyType" is not defined.' in /var/www/dvi/tcra_test/yii-1.1.3/base/CComponent.php:131
Stack trace:
#0 /var/www/dvi/tcra_test/yii-1.1.3/db/ar/CActiveRecord.php(110): CComponent->__get('frequencyType')
#1 /var/www/dvi/tcra_test/yii-1.1.3/web/helpers/CHtml.php(1657): CActiveRecord->__get('frequencyType')
#2 /var/www/dvi/tcra_test/yii-1.1.3/zii/widgets/grid/CDataColumn.php(134): CHtml::value(Object(FrequencyApplication), 'frequencyType.n...')
#3 /var/www/dvi/tcra_test/yii-1.1.3/zii/widgets/grid/CGridColumn.php(135): CDataColumn->renderDataCellContent(0, Object(FrequencyApplication))
#4 /var/www/dvi/tcra_test/yii-1.1.3/zii/widgets/grid/CGridView.php(457): CGridColumn->renderDataCell(0)
#5 /var/www/dvi/tcra_test/yii-1.1.3/zii/widgets/grid/CGridView.php(430): CGridView->renderTableRow(0)
#6 /var/www/dvi/tcra_test/yii-1.1.3/zii/widgets/grid/CGridView.php(343): CGridView->renderTableBody()
#7 /var/www/dvi/tcra_test/yii-1.1.3/zii/widgets/CBaseListView.php(158): CGridView->renderItems()
#8 [internal function]: CBaseListView->renderSection(Array)
#9 /var/www/dvi/tcra_test/yii-1.1.3/zii/widgets/CBaseListView.php(141): preg_replace_callback('/{(\w+)}/', Array, '{summary}?{item...')
#10 /var/www/dvi/tcra_test/yii-1.1.3/zii/widgets/CBaseListView.php(127): CBaseListView->renderContent()
#11 /var/www/dvi/tcra_test/yii-1.1.3/web/CBaseController.php(166): CBaseListView->run()
#12 /var/www/dvi/tcra_test/protected/views/frequencyApplication/admin.php(164): CBaseController->widget('zii.widgets.gri...', Array)
#13 /var/www/dvi/tcra_test/yii-1.1.3/web/CBaseController.php(119): require('/var/www/dvi/tc...')
#14 /var/www/dvi/tcra_test/yii-1.1.3/web/CBaseController.php(88): CBaseController->renderInternal('/var/www/dvi/tc...', Array, true)
#15 /var/www/dvi/tcra_test/yii-1.1.3/web/CController.php(798): CBaseController->renderFile('/var/www/dvi/tc...', Array, true)
#16 /var/www/dvi/tcra_test/yii-1.1.3/web/CController.php(739): CController->renderPartial('admin', Array, true)
#17 /var/www/dvi/tcra_test/protected/controllers/FrequencyApplicationController.php(398): CController->render('admin', Array)
#18 /var/www/dvi/tcra_test/yii-1.1.3/web/actions/CInlineAction.php(32): FrequencyApplicationController->actionAssignmentList()
#19 /var/www/dvi/tcra_test/yii-1.1.3/web/CController.php(300): CInlineAction->run()
#20 /var/www/dvi/tcra_test/yii-1.1.3/web/filters/CFilterChain.php(129): CController->runAction(Object(CInlineAction))
#21 /var/www/dvi/tcra_test/yii-1.1.3/web/filters/CFilter.php(41): CFilterChain->run()
#22 /var/www/dvi/tcra_test/yii-1.1.3/web/CController.php(1049): CFilter->filter(Object(CFilterChain))
#23 /var/www/dvi/tcra_test/yii-1.1.3/web/filters/CInlineFilter.php(59): CController->filterAccessControl(Object(CFilterChain))
#24 /var/www/dvi/tcra_test/yii-1.1.3/web/filters/CFilterChain.php(126): CInlineFilter->filter(Object(CFilterChain))
#25 /var/www/dvi/tcra_test/yii-1.1.3/web/CController.php(283): CFilterChain->run()
#26 /var/www/dvi/tcra_test/yii-1.1.3/web/CController.php(257): CController->runActionWithFilters(Object(CInlineAction), Array)
#27 /var/www/dvi/tcra_test/yii-1.1.3/web/CWebApplication.php(324): CController->run('assignmentList')
#28 /var/www/dvi/tcra_test/yii-1.1.3/web/CWebApplication.php(121): CWebApplication->runController('frequencyApplic...')
#29 /var/www/dvi/tcra_test/yii-1.1.3/base/CApplication.php(135): CWebApplication->processRequest()
#30 /var/www/dvi/tcra_test/index.php(13): CApplication->run()
#31 {main} REQUEST_URI=/dvi/tcra_test/index.php/frequencyApplication/assignmentList
2012/08/21 07:59:50 [error] [exception.CException] exception 'CException' with message 'Property "FrequencyApplication.frequencyType" is not defined.' in /var/www/dvi/tcra_test/yii-1.1.3/base/CComponent.php:131
Stack trace:
#0 /var/www/dvi/tcra_test/yii-1.1.3/db/ar/CActiveRecord.php(110): CComponent->__get('frequencyType')
#1 /var/www/dvi/tcra_test/yii-1.1.3/web/helpers/CHtml.php(1657): CActiveRecord->__get('frequencyType')
#2 /var/www/dvi/tcra_test/yii-1.1.3/zii/widgets/grid/CDataColumn.php(134): CHtml::value(Object(FrequencyApplication), 'frequencyType.n...')
#3 /var/www/dvi/tcra_test/yii-1.1.3/zii/widgets/grid/CGridColumn.php(135): CDataColumn->renderDataCellContent(0, Object(FrequencyApplication))
#4 /var/www/dvi/tcra_test/yii-1.1.3/zii/widgets/grid/CGridView.php(457): CGridColumn->renderDataCell(0)
#5 /var/www/dvi/tcra_test/yii-1.1.3/zii/widgets/grid/CGridView.php(430): CGridView->renderTableRow(0)
#6 /var/www/dvi/tcra_test/yii-1.1.3/zii/widgets/grid/CGridView.php(343): CGridView->renderTableBody()
#7 /var/www/dvi/tcra_test/yii-1.1.3/zii/widgets/CBaseListView.php(158): CGridView->renderItems()
#8 [internal function]: CBaseListView->renderSection(Array)
#9 /var/www/dvi/tcra_test/yii-1.1.3/zii/widgets/CBaseListView.php(141): preg_replace_callback('/{(\w+)}/', Array, '{summary}?{item...')
#10 /var/www/dvi/tcra_test/yii-1.1.3/zii/widgets/CBaseListView.php(127): CBaseListView->renderContent()
#11 /var/www/dvi/tcra_test/yii-1.1.3/web/CBaseController.php(166): CBaseListView->run()
#12 /var/www/dvi/tcra_test/protected/views/frequencyApplication/admin.php(164): CBaseController->widget('zii.widgets.gri...', Array)
#13 /var/www/dvi/tcra_test/yii-1.1.3/web/CBaseController.php(119): require('/var/www/dvi/tc...')
#14 /var/www/dvi/tcra_test/yii-1.1.3/web/CBaseController.php(88): CBaseController->renderInternal('/var/www/dvi/tc...', Array, true)
#15 /var/www/dvi/tcra_test/yii-1.1.3/web/CController.php(798): CBaseController->renderFile('/var/www/dvi/tc...', Array, true)
#16 /var/www/dvi/tcra_test/yii-1.1.3/web/CController.php(739): CController->renderPartial('admin', Array, true)
#17 /var/www/dvi/tcra_test/protected/controllers/FrequencyApplicationController.php(255): CController->render('admin', Array)
#18 /var/www/dvi/tcra_test/yii-1.1.3/web/actions/CInlineAction.php(32): FrequencyApplicationController->actionEvaluationList()
#19 /var/www/dvi/tcra_test/yii-1.1.3/web/CController.php(300): CInlineAction->run()
#20 /var/www/dvi/tcra_test/yii-1.1.3/web/filters/CFilterChain.php(129): CController->runAction(Object(CInlineAction))
#21 /var/www/dvi/tcra_test/yii-1.1.3/web/filters/CFilter.php(41): CFilterChain->run()
#22 /var/www/dvi/tcra_test/yii-1.1.3/web/CController.php(1049): CFilter->filter(Object(CFilterChain))
#23 /var/www/dvi/tcra_test/yii-1.1.3/web/filters/CInlineFilter.php(59): CController->filterAccessControl(Object(CFilterChain))
#24 /var/www/dvi/tcra_test/yii-1.1.3/web/filters/CFilterChain.php(126): CInlineFilter->filter(Object(CFilterChain))
#25 /var/www/dvi/tcra_test/yii-1.1.3/web/CController.php(283): CFilterChain->run()
#26 /var/www/dvi/tcra_test/yii-1.1.3/web/CController.php(257): CController->runActionWithFilters(Object(CInlineAction), Array)
#27 /var/www/dvi/tcra_test/yii-1.1.3/web/CWebApplication.php(324): CController->run('evaluationList')
#28 /var/www/dvi/tcra_test/yii-1.1.3/web/CWebApplication.php(121): CWebApplication->runController('frequencyApplic...')
#29 /var/www/dvi/tcra_test/yii-1.1.3/base/CApplication.php(135): CWebApplication->processRequest()
#30 /var/www/dvi/tcra_test/index.php(13): CApplication->run()
#31 {main} REQUEST_URI=/dvi/tcra_test/index.php/frequencyApplication/evaluationList
2012/08/21 08:08:14 [error] [exception.CException] exception 'CException' with message 'Property "FrequencyApplication.frequencyType" is not defined.' in /var/www/dvi/tcra_test/yii-1.1.3/base/CComponent.php:131
Stack trace:
#0 /var/www/dvi/tcra_test/yii-1.1.3/db/ar/CActiveRecord.php(110): CComponent->__get('frequencyType')
#1 /var/www/dvi/tcra_test/yii-1.1.3/web/helpers/CHtml.php(1657): CActiveRecord->__get('frequencyType')
#2 /var/www/dvi/tcra_test/yii-1.1.3/zii/widgets/grid/CDataColumn.php(134): CHtml::value(Object(FrequencyApplication), 'frequencyType.n...')
#3 /var/www/dvi/tcra_test/yii-1.1.3/zii/widgets/grid/CGridColumn.php(135): CDataColumn->renderDataCellContent(0, Object(FrequencyApplication))
#4 /var/www/dvi/tcra_test/yii-1.1.3/zii/widgets/grid/CGridView.php(457): CGridColumn->renderDataCell(0)
#5 /var/www/dvi/tcra_test/yii-1.1.3/zii/widgets/grid/CGridView.php(430): CGridView->renderTableRow(0)
#6 /var/www/dvi/tcra_test/yii-1.1.3/zii/widgets/grid/CGridView.php(343): CGridView->renderTableBody()
#7 /var/www/dvi/tcra_test/yii-1.1.3/zii/widgets/CBaseListView.php(158): CGridView->renderItems()
#8 [internal function]: CBaseListView->renderSection(Array)
#9 /var/www/dvi/tcra_test/yii-1.1.3/zii/widgets/CBaseListView.php(141): preg_replace_callback('/{(\w+)}/', Array, '{summary}?{item...')
#10 /var/www/dvi/tcra_test/yii-1.1.3/zii/widgets/CBaseListView.php(127): CBaseListView->renderContent()
#11 /var/www/dvi/tcra_test/yii-1.1.3/web/CBaseController.php(166): CBaseListView->run()
#12 /var/www/dvi/tcra_test/protected/views/frequencyApplication/admin.php(164): CBaseController->widget('zii.widgets.gri...', Array)
#13 /var/www/dvi/tcra_test/yii-1.1.3/web/CBaseController.php(119): require('/var/www/dvi/tc...')
#14 /var/www/dvi/tcra_test/yii-1.1.3/web/CBaseController.php(88): CBaseController->renderInternal('/var/www/dvi/tc...', Array, true)
#15 /var/www/dvi/tcra_test/yii-1.1.3/web/CController.php(798): CBaseController->renderFile('/var/www/dvi/tc...', Array, true)
#16 /var/www/dvi/tcra_test/yii-1.1.3/web/CController.php(739): CController->renderPartial('admin', Array, true)
#17 /var/www/dvi/tcra_test/protected/controllers/FrequencyApplicationController.php(255): CController->render('admin', Array)
#18 /var/www/dvi/tcra_test/yii-1.1.3/web/actions/CInlineAction.php(32): FrequencyApplicationController->actionEvaluationList()
#19 /var/www/dvi/tcra_test/yii-1.1.3/web/CController.php(300): CInlineAction->run()
#20 /var/www/dvi/tcra_test/yii-1.1.3/web/filters/CFilterChain.php(129): CController->runAction(Object(CInlineAction))
#21 /var/www/dvi/tcra_test/yii-1.1.3/web/filters/CFilter.php(41): CFilterChain->run()
#22 /var/www/dvi/tcra_test/yii-1.1.3/web/CController.php(1049): CFilter->filter(Object(CFilterChain))
#23 /var/www/dvi/tcra_test/yii-1.1.3/web/filters/CInlineFilter.php(59): CController->filterAccessControl(Object(CFilterChain))
#24 /var/www/dvi/tcra_test/yii-1.1.3/web/filters/CFilterChain.php(126): CInlineFilter->filter(Object(CFilterChain))
#25 /var/www/dvi/tcra_test/yii-1.1.3/web/CController.php(283): CFilterChain->run()
#26 /var/www/dvi/tcra_test/yii-1.1.3/web/CController.php(257): CController->runActionWithFilters(Object(CInlineAction), Array)
#27 /var/www/dvi/tcra_test/yii-1.1.3/web/CWebApplication.php(324): CController->run('evaluationList')
#28 /var/www/dvi/tcra_test/yii-1.1.3/web/CWebApplication.php(121): CWebApplication->runController('frequencyApplic...')
#29 /var/www/dvi/tcra_test/yii-1.1.3/base/CApplication.php(135): CWebApplication->processRequest()
#30 /var/www/dvi/tcra_test/index.php(13): CApplication->run()
#31 {main} REQUEST_URI=/dvi/tcra_test/index.php/frequencyApplication/evaluationList
